# JRE version: OpenJDK Runtime Environment Temurin-21.0.9+10 (21.0.9+10) (build 21.0.9+10-LTS)
# Java VM: OpenJDK 64-Bit Server VM Temurin-21.0.9+10 (21.0.9+10-LTS, mixed mode, sharing, tiered, compressed oops, compressed class ptrs, parallel gc, windows-amd64)
GC Precious Log:
 CardTable entry size: 512
 CPUs: 14 total, 14 available
 Memory: 15819M
 Large Page Support: Disabled
 NUMA Support: Disabled
 Compressed Oops: Enabled (32-bit)
 Alignments: Space 512K, Generation 512K, Heap 2M
 Heap Min Capacity: 100M
 Heap Initial Capacity: 100M
 Heap Max Capacity: 2G
 Pre-touch: Disabled
 Parallel Workers: 11
Heap:
 PSYoungGen      total 2048K, used 1659K [0x00000000d5580000, 0x00000000d5a80000, 0x0000000100000000)
  eden space 1536K, 85% used [0x00000000d5580000,0x00000000d56c6d40,0x00000000d5700000)
  from space 512K, 68% used [0x00000000d5a00000,0x00000000d5a58000,0x00000000d5a80000)
  to   space 512K, 0% used [0x00000000d5980000,0x00000000d5980000,0x00000000d5a00000)
 ParOldGen       total 324096K, used 323654K [0x0000000080000000, 0x0000000093c80000, 0x00000000d5580000)
  object space 324096K, 99% used [0x0000000080000000,0x0000000093c11bb0,0x0000000093c80000)
 Metaspace       used 76131K, committed 77824K, reserved 1179648K
  class space    used 8115K, committed 8768K, reserved 1048576K
GC Heap History (20 events):
Event: 434.528 GC heap before
{Heap before GC invocations=216 (full 3):
 PSYoungGen      total 2048K, used 2032K [0x00000000d5580000, 0x00000000d5f80000, 0x0000000100000000)
  eden space 512K, 100% used [0x00000000d5580000,0x00000000d5600000,0x00000000d5600000)
  from space 1536K, 98% used [0x00000000d5a00000,0x00000000d5b7c010,0x00000000d5b80000)
  to   space 4096K, 0% used [0x00000000d5600000,0x00000000d5600000,0x00000000d5a00000)
 ParOldGen       total 317952K, used 317512K [0x0000000080000000, 0x0000000093680000, 0x00000000d5580000)
  object space 317952K, 99% used [0x0000000080000000,0x0000000093612250,0x0000000093680000)
 Metaspace       used 76076K, committed 77696K, reserved 1179648K
  class space    used 8110K, committed 8768K, reserved 1048576K
}
Event: 434.530 GC heap after
{Heap after GC invocations=216 (full 3):
 PSYoungGen      total 1024K, used 320K [0x00000000d5580000, 0x00000000d5a80000, 0x0000000100000000)
  eden space 512K, 0% used [0x00000000d5580000,0x00000000d5580000,0x00000000d5600000)
  from space 512K, 62% used [0x00000000d5600000,0x00000000d5650000,0x00000000d5680000)
  to   space 1536K, 0% used [0x00000000d5900000,0x00000000d5900000,0x00000000d5a80000)
 ParOldGen       total 318976K, used 318864K [0x0000000080000000, 0x0000000093780000, 0x00000000d5580000)
  object space 318976K, 99% used [0x0000000080000000,0x0000000093764260,0x0000000093780000)
 Metaspace       used 76076K, committed 77696K, reserved 1179648K
  class space    used 8110K, committed 8768K, reserved 1048576K
}
Event: 434.535 GC heap before
{Heap before GC invocations=217 (full 3):
 PSYoungGen      total 1024K, used 831K [0x00000000d5580000, 0x00000000d5a80000, 0x0000000100000000)
  eden space 512K, 99% used [0x00000000d5580000,0x00000000d55ffff0,0x00000000d5600000)
  from space 512K, 62% used [0x00000000d5600000,0x00000000d5650000,0x00000000d5680000)
  to   space 1536K, 0% used [0x00000000d5900000,0x00000000d5900000,0x00000000d5a80000)
 ParOldGen       total 318976K, used 318864K [0x0000000080000000, 0x0000000093780000, 0x00000000d5580000)
  object space 318976K, 99% used [0x0000000080000000,0x0000000093764260,0x0000000093780000)
 Metaspace       used 76076K, committed 77696K, reserved 1179648K
  class space    used 8110K, committed 8768K, reserved 1048576K
}
Event: 434.537 GC heap after
{Heap after GC invocations=217 (full 3):
 PSYoungGen      total 1536K, used 320K [0x00000000d5580000, 0x00000000d5980000, 0x0000000100000000)
  eden space 1024K, 0% used [0x00000000d5580000,0x00000000d5580000,0x00000000d5680000)
  from space 512K, 62% used [0x00000000d5900000,0x00000000d5950000,0x00000000d5980000)
  to   space 1024K, 0% used [0x00000000d5780000,0x00000000d5780000,0x00000000d5880000)
 ParOldGen       total 319488K, used 319088K [0x0000000080000000, 0x0000000093800000, 0x00000000d5580000)
  object space 319488K, 99% used [0x0000000080000000,0x000000009379c260,0x0000000093800000)
 Metaspace       used 76076K, committed 77696K, reserved 1179648K
  class space    used 8110K, committed 8768K, reserved 1048576K
}
Event: 434.568 GC heap before
{Heap before GC invocations=218 (full 3):
 PSYoungGen      total 1536K, used 1344K [0x00000000d5580000, 0x00000000d5980000, 0x0000000100000000)
  eden space 1024K, 100% used [0x00000000d5580000,0x00000000d5680000,0x00000000d5680000)
  from space 512K, 62% used [0x00000000d5900000,0x00000000d5950000,0x00000000d5980000)
  to   space 1024K, 0% used [0x00000000d5780000,0x00000000d5780000,0x00000000d5880000)
 ParOldGen       total 319488K, used 319088K [0x0000000080000000, 0x0000000093800000, 0x00000000d5580000)
  object space 319488K, 99% used [0x0000000080000000,0x000000009379c260,0x0000000093800000)
 Metaspace       used 76076K, committed 77696K, reserved 1179648K
  class space    used 8110K, committed 8768K, reserved 1048576K
}
Event: 434.570 GC heap after
{Heap after GC invocations=218 (full 3):
 PSYoungGen      total 2048K, used 998K [0x00000000d5580000, 0x00000000d5980000, 0x0000000100000000)
  eden space 1024K, 0% used [0x00000000d5580000,0x00000000d5580000,0x00000000d5680000)
  from space 1024K, 97% used [0x00000000d5780000,0x00000000d5879950,0x00000000d5880000)
  to   space 1024K, 0% used [0x00000000d5880000,0x00000000d5880000,0x00000000d5980000)
 ParOldGen       total 319488K, used 319264K [0x0000000080000000, 0x0000000093800000, 0x00000000d5580000)
  object space 319488K, 99% used [0x0000000080000000,0x00000000937c8260,0x0000000093800000)
 Metaspace       used 76076K, committed 77696K, reserved 1179648K
  class space    used 8110K, committed 8768K, reserved 1048576K
}
Event: 434.574 GC heap before
{Heap before GC invocations=219 (full 3):
 PSYoungGen      total 2048K, used 2022K [0x00000000d5580000, 0x00000000d5980000, 0x0000000100000000)
  eden space 1024K, 100% used [0x00000000d5580000,0x00000000d5680000,0x00000000d5680000)
  from space 1024K, 97% used [0x00000000d5780000,0x00000000d5879950,0x00000000d5880000)
  to   space 1024K, 0% used [0x00000000d5880000,0x00000000d5880000,0x00000000d5980000)
 ParOldGen       total 319488K, used 319264K [0x0000000080000000, 0x0000000093800000, 0x00000000d5580000)
  object space 319488K, 99% used [0x0000000080000000,0x00000000937c8260,0x0000000093800000)
 Metaspace       used 76076K, committed 77696K, reserved 1179648K
  class space    used 8110K, committed 8768K, reserved 1048576K
}
Event: 434.576 GC heap after
{Heap after GC invocations=219 (full 3):
 PSYoungGen      total 2560K, used 1024K [0x00000000d5580000, 0x00000000d5a00000, 0x0000000100000000)
  eden space 1536K, 0% used [0x00000000d5580000,0x00000000d5580000,0x00000000d5700000)
  from space 1024K, 100% used [0x00000000d5880000,0x00000000d5980000,0x00000000d5980000)
  to   space 1536K, 0% used [0x00000000d5700000,0x00000000d5700000,0x00000000d5880000)
 ParOldGen       total 320512K, used 320214K [0x0000000080000000, 0x0000000093900000, 0x00000000d5580000)
  object space 320512K, 99% used [0x0000000080000000,0x00000000938b5bb0,0x0000000093900000)
 Metaspace       used 76076K, committed 77696K, reserved 1179648K
  class space    used 8110K, committed 8768K, reserved 1048576K
}
Event: 434.581 GC heap before
{Heap before GC invocations=220 (full 3):
 PSYoungGen      total 2560K, used 2540K [0x00000000d5580000, 0x00000000d5a00000, 0x0000000100000000)
  eden space 1536K, 98% used [0x00000000d5580000,0x00000000d56fb230,0x00000000d5700000)
  from space 1024K, 100% used [0x00000000d5880000,0x00000000d5980000,0x00000000d5980000)
  to   space 1536K, 0% used [0x00000000d5700000,0x00000000d5700000,0x00000000d5880000)
 ParOldGen       total 320512K, used 320214K [0x0000000080000000, 0x0000000093900000, 0x00000000d5580000)
  object space 320512K, 99% used [0x0000000080000000,0x00000000938b5bb0,0x0000000093900000)
 Metaspace       used 76076K, committed 77696K, reserved 1179648K
  class space    used 8110K, committed 8768K, reserved 1048576K
}
Event: 434.583 GC heap after
{Heap after GC invocations=220 (full 3):
 PSYoungGen      total 3072K, used 1536K [0x00000000d5580000, 0x00000000d5d80000, 0x0000000100000000)
  eden space 1536K, 0% used [0x00000000d5580000,0x00000000d5580000,0x00000000d5700000)
  from space 1536K, 100% used [0x00000000d5700000,0x00000000d5880000,0x00000000d5880000)
  to   space 3072K, 0% used [0x00000000d5a80000,0x00000000d5a80000,0x00000000d5d80000)
 ParOldGen       total 321536K, used 321134K [0x0000000080000000, 0x0000000093a00000, 0x00000000d5580000)
  object space 321536K, 99% used [0x0000000080000000,0x000000009399bbb0,0x0000000093a00000)
 Metaspace       used 76076K, committed 77696K, reserved 1179648K
  class space    used 8110K, committed 8768K, reserved 1048576K
}
Event: 434.673 GC heap before
{Heap before GC invocations=221 (full 3):
 PSYoungGen      total 3072K, used 3072K [0x00000000d5580000, 0x00000000d5d80000, 0x0000000100000000)
  eden space 1536K, 100% used [0x00000000d5580000,0x00000000d5700000,0x00000000d5700000)
  from space 1536K, 100% used [0x00000000d5700000,0x00000000d5880000,0x00000000d5880000)
  to   space 3072K, 0% used [0x00000000d5a80000,0x00000000d5a80000,0x00000000d5d80000)
 ParOldGen       total 321536K, used 321134K [0x0000000080000000, 0x0000000093a00000, 0x00000000d5580000)
  object space 321536K, 99% used [0x0000000080000000,0x000000009399bbb0,0x0000000093a00000)
 Metaspace       used 76087K, committed 77760K, reserved 1179648K
  class space    used 8110K, committed 8768K, reserved 1048576K
}
Event: 434.676 GC heap after
{Heap after GC invocations=221 (full 3):
 PSYoungGen      total 2560K, used 976K [0x00000000d5580000, 0x00000000d5b80000, 0x0000000100000000)
  eden space 1536K, 0% used [0x00000000d5580000,0x00000000d5580000,0x00000000d5700000)
  from space 1024K, 95% used [0x00000000d5a80000,0x00000000d5b74000,0x00000000d5b80000)
  to   space 1536K, 0% used [0x00000000d5880000,0x00000000d5880000,0x00000000d5a00000)
 ParOldGen       total 323072K, used 322606K [0x0000000080000000, 0x0000000093b80000, 0x00000000d5580000)
  object space 323072K, 99% used [0x0000000080000000,0x0000000093b0bbb0,0x0000000093b80000)
 Metaspace       used 76087K, committed 77760K, reserved 1179648K
  class space    used 8110K, committed 8768K, reserved 1048576K
}
Event: 434.843 GC heap before
{Heap before GC invocations=222 (full 3):
 PSYoungGen      total 2560K, used 2512K [0x00000000d5580000, 0x00000000d5b80000, 0x0000000100000000)
  eden space 1536K, 100% used [0x00000000d5580000,0x00000000d5700000,0x00000000d5700000)
  from space 1024K, 95% used [0x00000000d5a80000,0x00000000d5b74000,0x00000000d5b80000)
  to   space 1536K, 0% used [0x00000000d5880000,0x00000000d5880000,0x00000000d5a00000)
 ParOldGen       total 323072K, used 322606K [0x0000000080000000, 0x0000000093b80000, 0x00000000d5580000)
  object space 323072K, 99% used [0x0000000080000000,0x0000000093b0bbb0,0x0000000093b80000)
 Metaspace       used 76115K, committed 77824K, reserved 1179648K
  class space    used 8115K, committed 8768K, reserved 1048576K
}
Event: 434.845 GC heap after
{Heap after GC invocations=222 (full 3):
 PSYoungGen      total 3072K, used 256K [0x00000000d5580000, 0x00000000d5b00000, 0x0000000100000000)
  eden space 1536K, 0% used [0x00000000d5580000,0x00000000d5580000,0x00000000d5700000)
  from space 1536K, 16% used [0x00000000d5880000,0x00000000d58c0000,0x00000000d5a00000)
  to   space 1024K, 0% used [0x00000000d5a00000,0x00000000d5a00000,0x00000000d5b00000)
 ParOldGen       total 323584K, used 323478K [0x0000000080000000, 0x0000000093c00000, 0x00000000d5580000)
  object space 323584K, 99% used [0x0000000080000000,0x0000000093be5bb0,0x0000000093c00000)
 Metaspace       used 76115K, committed 77824K, reserved 1179648K
  class space    used 8115K, committed 8768K, reserved 1048576K
}
Event: 434.855 GC heap before
{Heap before GC invocations=223 (full 3):
 PSYoungGen      total 3072K, used 1792K [0x00000000d5580000, 0x00000000d5b00000, 0x0000000100000000)
  eden space 1536K, 100% used [0x00000000d5580000,0x00000000d5700000,0x00000000d5700000)
  from space 1536K, 16% used [0x00000000d5880000,0x00000000d58c0000,0x00000000d5a00000)
  to   space 1024K, 0% used [0x00000000d5a00000,0x00000000d5a00000,0x00000000d5b00000)
 ParOldGen       total 323584K, used 323478K [0x0000000080000000, 0x0000000093c00000, 0x00000000d5580000)
  object space 323584K, 99% used [0x0000000080000000,0x0000000093be5bb0,0x0000000093c00000)
 Metaspace       used 76116K, committed 77824K, reserved 1179648K
  class space    used 8115K, committed 8768K, reserved 1048576K
}
Event: 434.856 GC heap after
{Heap after GC invocations=223 (full 3):
 PSYoungGen      total 2048K, used 256K [0x00000000d5580000, 0x00000000d5a80000, 0x0000000100000000)
  eden space 1536K, 0% used [0x00000000d5580000,0x00000000d5580000,0x00000000d5700000)
  from space 512K, 50% used [0x00000000d5a00000,0x00000000d5a40000,0x00000000d5a80000)
  to   space 512K, 0% used [0x00000000d5980000,0x00000000d5980000,0x00000000d5a00000)
 ParOldGen       total 324096K, used 323598K [0x0000000080000000, 0x0000000093c80000, 0x00000000d5580000)
  object space 324096K, 99% used [0x0000000080000000,0x0000000093c03bb0,0x0000000093c80000)
 Metaspace       used 76116K, committed 77824K, reserved 1179648K
  class space    used 8115K, committed 8768K, reserved 1048576K
}
Event: 435.111 GC heap before
{Heap before GC invocations=224 (full 3):
 PSYoungGen      total 2048K, used 1792K [0x00000000d5580000, 0x00000000d5a80000, 0x0000000100000000)
  eden space 1536K, 100% used [0x00000000d5580000,0x00000000d5700000,0x00000000d5700000)
  from space 512K, 50% used [0x00000000d5a00000,0x00000000d5a40000,0x00000000d5a80000)
  to   space 512K, 0% used [0x00000000d5980000,0x00000000d5980000,0x00000000d5a00000)
 ParOldGen       total 324096K, used 323598K [0x0000000080000000, 0x0000000093c80000, 0x00000000d5580000)
  object space 324096K, 99% used [0x0000000080000000,0x0000000093c03bb0,0x0000000093c80000)
 Metaspace       used 76118K, committed 77824K, reserved 1179648K
  class space    used 8115K, committed 8768K, reserved 1048576K
}
Event: 435.113 GC heap after
{Heap after GC invocations=224 (full 3):
 PSYoungGen      total 2048K, used 192K [0x00000000d5580000, 0x00000000d5a80000, 0x0000000100000000)
  eden space 1536K, 0% used [0x00000000d5580000,0x00000000d5580000,0x00000000d5700000)
  from space 512K, 37% used [0x00000000d5980000,0x00000000d59b0000,0x00000000d5a00000)
  to   space 512K, 0% used [0x00000000d5a00000,0x00000000d5a00000,0x00000000d5a80000)
 ParOldGen       total 324096K, used 323606K [0x0000000080000000, 0x0000000093c80000, 0x00000000d5580000)
  object space 324096K, 99% used [0x0000000080000000,0x0000000093c05bb0,0x0000000093c80000)
 Metaspace       used 76118K, committed 77824K, reserved 1179648K
  class space    used 8115K, committed 8768K, reserved 1048576K
}
Event: 435.122 GC heap before
{Heap before GC invocations=225 (full 3):
 PSYoungGen      total 2048K, used 1728K [0x00000000d5580000, 0x00000000d5a80000, 0x0000000100000000)
  eden space 1536K, 100% used [0x00000000d5580000,0x00000000d5700000,0x00000000d5700000)
  from space 512K, 37% used [0x00000000d5980000,0x00000000d59b0000,0x00000000d5a00000)
  to   space 512K, 0% used [0x00000000d5a00000,0x00000000d5a00000,0x00000000d5a80000)
 ParOldGen       total 324096K, used 323606K [0x0000000080000000, 0x0000000093c80000, 0x00000000d5580000)
  object space 324096K, 99% used [0x0000000080000000,0x0000000093c05bb0,0x0000000093c80000)
 Metaspace       used 76124K, committed 77824K, reserved 1179648K
  class space    used 8115K, committed 8768K, reserved 1048576K
}
Event: 435.124 GC heap after
{Heap after GC invocations=225 (full 3):
 PSYoungGen      total 2048K, used 352K [0x00000000d5580000, 0x00000000d5a80000, 0x0000000100000000)
  eden space 1536K, 0% used [0x00000000d5580000,0x00000000d5580000,0x00000000d5700000)
  from space 512K, 68% used [0x00000000d5a00000,0x00000000d5a58000,0x00000000d5a80000)
  to   space 512K, 0% used [0x00000000d5980000,0x00000000d5980000,0x00000000d5a00000)
 ParOldGen       total 324096K, used 323654K [0x0000000080000000, 0x0000000093c80000, 0x00000000d5580000)
  object space 324096K, 99% used [0x0000000080000000,0x0000000093c11bb0,0x0000000093c80000)
 Metaspace       used 76124K, committed 77824K, reserved 1179648K
  class space    used 8115K, committed 8768K, reserved 1048576K
}

